<?xml version="1.0" encoding="UTF-8"?>
<!-- Generated by org.testng.reporters.JUnitReportReporter -->
<testsuite hostname="SC-IN-37QVGS3" failures="0" tests="1" name="qa.First" time="0.014" errors="0" timestamp="19 May 2024 15:01:00 GMT" skipped="0">
  <testcase classname="qa.First" name="test" time="0.014"/>
</testsuite> <!-- qa.First -->
